[2024-11-22T10:11:43.100+0000] {local_task_job_runner.py:123} INFO - ::group::Pre task execution logs
[2024-11-22T10:11:43.145+0000] {taskinstance.py:2613} INFO - Dependencies all met for dep_context=non-requeueable deps ti=<TaskInstance: tutorial.templated scheduled__2024-11-21T00:00:00+00:00 [queued]>
[2024-11-22T10:11:43.159+0000] {taskinstance.py:2613} INFO - Dependencies all met for dep_context=requeueable deps ti=<TaskInstance: tutorial.templated scheduled__2024-11-21T00:00:00+00:00 [queued]>
[2024-11-22T10:11:43.160+0000] {taskinstance.py:2866} INFO - Starting attempt 1 of 2
[2024-11-22T10:11:43.184+0000] {taskinstance.py:2889} INFO - Executing <Task(BashOperator): templated> on 2024-11-21 00:00:00+00:00
[2024-11-22T10:11:43.205+0000] {warnings.py:112} WARNING - /home/***/.local/lib/python3.12/site-packages/***/task/task_runner/standard_task_runner.py:70: DeprecationWarning: This process (pid=113) is multi-threaded, use of fork() may lead to deadlocks in the child.
  pid = os.fork()

[2024-11-22T10:11:43.214+0000] {standard_task_runner.py:72} INFO - Started process 124 to run task
[2024-11-22T10:11:43.225+0000] {standard_task_runner.py:104} INFO - Running: ['***', 'tasks', 'run', 'tutorial', 'templated', 'scheduled__2024-11-21T00:00:00+00:00', '--job-id', '20', '--raw', '--subdir', '/home/***/.local/lib/python3.12/site-packages/***/example_dags/tutorial.py', '--cfg-path', '/tmp/tmpxgr7hhw9']
[2024-11-22T10:11:43.227+0000] {standard_task_runner.py:105} INFO - Job 20: Subtask templated
[2024-11-22T10:11:43.395+0000] {task_command.py:467} INFO - Running <TaskInstance: tutorial.templated scheduled__2024-11-21T00:00:00+00:00 [running]> on host 7505af158529
[2024-11-22T10:11:43.627+0000] {taskinstance.py:3132} INFO - Exporting env vars: AIRFLOW_CTX_DAG_EMAIL='***@example.com' AIRFLOW_CTX_DAG_OWNER='***' AIRFLOW_CTX_DAG_ID='tutorial' AIRFLOW_CTX_TASK_ID='templated' AIRFLOW_CTX_EXECUTION_DATE='2024-11-21T00:00:00+00:00' AIRFLOW_CTX_TRY_NUMBER='1' AIRFLOW_CTX_DAG_RUN_ID='scheduled__2024-11-21T00:00:00+00:00'
[2024-11-22T10:11:43.630+0000] {logging_mixin.py:190} INFO - Task instance is in running state
[2024-11-22T10:11:43.631+0000] {logging_mixin.py:190} INFO -  Previous state of the Task instance: queued
[2024-11-22T10:11:43.632+0000] {logging_mixin.py:190} INFO - Current task name:templated state:running start_date:2024-11-22 10:11:43.146293+00:00
[2024-11-22T10:11:43.632+0000] {logging_mixin.py:190} INFO - Dag name:tutorial and current dag run status:running
[2024-11-22T10:11:43.633+0000] {taskinstance.py:731} INFO - ::endgroup::
[2024-11-22T10:11:43.634+0000] {subprocess.py:78} INFO - Tmp dir root location: /tmp
[2024-11-22T10:11:43.635+0000] {subprocess.py:88} INFO - Running command: ['/usr/bin/bash', '-c', '\n\n    echo "2024-11-21"\n    echo "2024-11-28"\n\n    echo "2024-11-21"\n    echo "2024-11-28"\n\n    echo "2024-11-21"\n    echo "2024-11-28"\n\n    echo "2024-11-21"\n    echo "2024-11-28"\n\n    echo "2024-11-21"\n    echo "2024-11-28"\n']
[2024-11-22T10:11:43.650+0000] {subprocess.py:99} INFO - Output:
[2024-11-22T10:11:43.652+0000] {subprocess.py:106} INFO - 2024-11-21
[2024-11-22T10:11:43.653+0000] {subprocess.py:106} INFO - 2024-11-28
[2024-11-22T10:11:43.653+0000] {subprocess.py:106} INFO - 2024-11-21
[2024-11-22T10:11:43.654+0000] {subprocess.py:106} INFO - 2024-11-28
[2024-11-22T10:11:43.655+0000] {subprocess.py:106} INFO - 2024-11-21
[2024-11-22T10:11:43.655+0000] {subprocess.py:106} INFO - 2024-11-28
[2024-11-22T10:11:43.656+0000] {subprocess.py:106} INFO - 2024-11-21
[2024-11-22T10:11:43.656+0000] {subprocess.py:106} INFO - 2024-11-28
[2024-11-22T10:11:43.657+0000] {subprocess.py:106} INFO - 2024-11-21
[2024-11-22T10:11:43.658+0000] {subprocess.py:106} INFO - 2024-11-28
[2024-11-22T10:11:43.659+0000] {subprocess.py:110} INFO - Command exited with return code 0
[2024-11-22T10:11:43.693+0000] {taskinstance.py:340} INFO - ::group::Post task execution logs
[2024-11-22T10:11:43.694+0000] {taskinstance.py:352} INFO - Marking task as SUCCESS. dag_id=tutorial, task_id=templated, run_id=scheduled__2024-11-21T00:00:00+00:00, execution_date=20241121T000000, start_date=20241122T101143, end_date=20241122T101143
[2024-11-22T10:11:43.707+0000] {logging_mixin.py:190} INFO - Task instance in success state
[2024-11-22T10:11:43.707+0000] {logging_mixin.py:190} INFO -  Previous state of the Task instance: running
[2024-11-22T10:11:43.708+0000] {logging_mixin.py:190} INFO - Dag name:tutorial queued_at:2024-11-22 10:11:35.737489+00:00
[2024-11-22T10:11:43.709+0000] {logging_mixin.py:190} INFO - Task hostname:7505af158529 operator:BashOperator
[2024-11-22T10:11:43.761+0000] {local_task_job_runner.py:266} INFO - Task exited with return code 0
[2024-11-22T10:11:43.777+0000] {local_task_job_runner.py:245} INFO - ::endgroup::
