[2024-11-22T10:11:42.854+0000] {local_task_job_runner.py:123} INFO - ::group::Pre task execution logs
[2024-11-22T10:11:42.878+0000] {taskinstance.py:2613} INFO - Dependencies all met for dep_context=non-requeueable deps ti=<TaskInstance: tutorial.sleep scheduled__2024-11-21T00:00:00+00:00 [queued]>
[2024-11-22T10:11:42.892+0000] {taskinstance.py:2613} INFO - Dependencies all met for dep_context=requeueable deps ti=<TaskInstance: tutorial.sleep scheduled__2024-11-21T00:00:00+00:00 [queued]>
[2024-11-22T10:11:42.893+0000] {taskinstance.py:2866} INFO - Starting attempt 1 of 4
[2024-11-22T10:11:42.911+0000] {taskinstance.py:2889} INFO - Executing <Task(BashOperator): sleep> on 2024-11-21 00:00:00+00:00
[2024-11-22T10:11:42.932+0000] {standard_task_runner.py:104} INFO - Running: ['***', 'tasks', 'run', 'tutorial', 'sleep', 'scheduled__2024-11-21T00:00:00+00:00', '--job-id', '17', '--raw', '--subdir', '/home/***/.local/lib/python3.12/site-packages/***/example_dags/tutorial.py', '--cfg-path', '/tmp/tmpo13xuxj3']
[2024-11-22T10:11:42.924+0000] {warnings.py:112} WARNING - /home/***/.local/lib/python3.12/site-packages/***/task/task_runner/standard_task_runner.py:70: DeprecationWarning: This process (pid=111) is multi-threaded, use of fork() may lead to deadlocks in the child.
  pid = os.fork()

[2024-11-22T10:11:42.935+0000] {standard_task_runner.py:105} INFO - Job 17: Subtask sleep
[2024-11-22T10:11:42.936+0000] {standard_task_runner.py:72} INFO - Started process 118 to run task
[2024-11-22T10:11:43.144+0000] {task_command.py:467} INFO - Running <TaskInstance: tutorial.sleep scheduled__2024-11-21T00:00:00+00:00 [running]> on host 7505af158529
[2024-11-22T10:11:43.348+0000] {taskinstance.py:3132} INFO - Exporting env vars: AIRFLOW_CTX_DAG_EMAIL='***@example.com' AIRFLOW_CTX_DAG_OWNER='***' AIRFLOW_CTX_DAG_ID='tutorial' AIRFLOW_CTX_TASK_ID='sleep' AIRFLOW_CTX_EXECUTION_DATE='2024-11-21T00:00:00+00:00' AIRFLOW_CTX_TRY_NUMBER='1' AIRFLOW_CTX_DAG_RUN_ID='scheduled__2024-11-21T00:00:00+00:00'
[2024-11-22T10:11:43.351+0000] {logging_mixin.py:190} INFO - Task instance is in running state
[2024-11-22T10:11:43.352+0000] {logging_mixin.py:190} INFO -  Previous state of the Task instance: queued
[2024-11-22T10:11:43.353+0000] {logging_mixin.py:190} INFO - Current task name:sleep state:running start_date:2024-11-22 10:11:42.879789+00:00
[2024-11-22T10:11:43.354+0000] {logging_mixin.py:190} INFO - Dag name:tutorial and current dag run status:running
[2024-11-22T10:11:43.354+0000] {taskinstance.py:731} INFO - ::endgroup::
[2024-11-22T10:11:43.358+0000] {subprocess.py:78} INFO - Tmp dir root location: /tmp
[2024-11-22T10:11:43.363+0000] {subprocess.py:88} INFO - Running command: ['/usr/bin/bash', '-c', 'sleep 5']
[2024-11-22T10:11:43.382+0000] {subprocess.py:99} INFO - Output:
[2024-11-22T10:11:48.387+0000] {subprocess.py:110} INFO - Command exited with return code 0
[2024-11-22T10:11:48.413+0000] {taskinstance.py:340} INFO - ::group::Post task execution logs
[2024-11-22T10:11:48.414+0000] {taskinstance.py:352} INFO - Marking task as SUCCESS. dag_id=tutorial, task_id=sleep, run_id=scheduled__2024-11-21T00:00:00+00:00, execution_date=20241121T000000, start_date=20241122T101142, end_date=20241122T101148
[2024-11-22T10:11:48.423+0000] {logging_mixin.py:190} INFO - Task instance in success state
[2024-11-22T10:11:48.424+0000] {logging_mixin.py:190} INFO -  Previous state of the Task instance: running
[2024-11-22T10:11:48.424+0000] {logging_mixin.py:190} INFO - Dag name:tutorial queued_at:2024-11-22 10:11:35.737489+00:00
[2024-11-22T10:11:48.424+0000] {logging_mixin.py:190} INFO - Task hostname:7505af158529 operator:BashOperator
[2024-11-22T10:11:48.455+0000] {local_task_job_runner.py:266} INFO - Task exited with return code 0
[2024-11-22T10:11:48.467+0000] {taskinstance.py:3895} INFO - 0 downstream tasks scheduled from follow-on schedule check
[2024-11-22T10:11:48.469+0000] {local_task_job_runner.py:245} INFO - ::endgroup::
