[2024-11-22T10:11:42.857+0000] {local_task_job_runner.py:123} INFO - ::group::Pre task execution logs
[2024-11-22T10:11:42.879+0000] {taskinstance.py:2613} INFO - Dependencies all met for dep_context=non-requeueable deps ti=<TaskInstance: tutorial.templated manual__2024-11-22T10:11:35.019290+00:00 [queued]>
[2024-11-22T10:11:42.894+0000] {taskinstance.py:2613} INFO - Dependencies all met for dep_context=requeueable deps ti=<TaskInstance: tutorial.templated manual__2024-11-22T10:11:35.019290+00:00 [queued]>
[2024-11-22T10:11:42.895+0000] {taskinstance.py:2866} INFO - Starting attempt 1 of 2
[2024-11-22T10:11:42.916+0000] {taskinstance.py:2889} INFO - Executing <Task(BashOperator): templated> on 2024-11-22 10:11:35.019290+00:00
[2024-11-22T10:11:42.936+0000] {standard_task_runner.py:104} INFO - Running: ['***', 'tasks', 'run', 'tutorial', 'templated', 'manual__2024-11-22T10:11:35.019290+00:00', '--job-id', '18', '--raw', '--subdir', '/home/***/.local/lib/python3.12/site-packages/***/example_dags/tutorial.py', '--cfg-path', '/tmp/tmppfw50ptg']
[2024-11-22T10:11:42.938+0000] {warnings.py:112} WARNING - /home/***/.local/lib/python3.12/site-packages/***/task/task_runner/standard_task_runner.py:70: DeprecationWarning: This process (pid=110) is multi-threaded, use of fork() may lead to deadlocks in the child.
  pid = os.fork()

[2024-11-22T10:11:42.942+0000] {standard_task_runner.py:105} INFO - Job 18: Subtask templated
[2024-11-22T10:11:42.943+0000] {standard_task_runner.py:72} INFO - Started process 119 to run task
[2024-11-22T10:11:43.122+0000] {task_command.py:467} INFO - Running <TaskInstance: tutorial.templated manual__2024-11-22T10:11:35.019290+00:00 [running]> on host 7505af158529
[2024-11-22T10:11:43.359+0000] {taskinstance.py:3132} INFO - Exporting env vars: AIRFLOW_CTX_DAG_EMAIL='***@example.com' AIRFLOW_CTX_DAG_OWNER='***' AIRFLOW_CTX_DAG_ID='tutorial' AIRFLOW_CTX_TASK_ID='templated' AIRFLOW_CTX_EXECUTION_DATE='2024-11-22T10:11:35.019290+00:00' AIRFLOW_CTX_TRY_NUMBER='1' AIRFLOW_CTX_DAG_RUN_ID='manual__2024-11-22T10:11:35.019290+00:00'
[2024-11-22T10:11:43.373+0000] {logging_mixin.py:190} INFO - Task instance is in running state
[2024-11-22T10:11:43.374+0000] {logging_mixin.py:190} INFO -  Previous state of the Task instance: queued
[2024-11-22T10:11:43.375+0000] {logging_mixin.py:190} INFO - Current task name:templated state:running start_date:2024-11-22 10:11:42.880631+00:00
[2024-11-22T10:11:43.375+0000] {logging_mixin.py:190} INFO - Dag name:tutorial and current dag run status:running
[2024-11-22T10:11:43.377+0000] {taskinstance.py:731} INFO - ::endgroup::
[2024-11-22T10:11:43.381+0000] {subprocess.py:78} INFO - Tmp dir root location: /tmp
[2024-11-22T10:11:43.384+0000] {subprocess.py:88} INFO - Running command: ['/usr/bin/bash', '-c', '\n\n    echo "2024-11-22"\n    echo "2024-11-29"\n\n    echo "2024-11-22"\n    echo "2024-11-29"\n\n    echo "2024-11-22"\n    echo "2024-11-29"\n\n    echo "2024-11-22"\n    echo "2024-11-29"\n\n    echo "2024-11-22"\n    echo "2024-11-29"\n']
[2024-11-22T10:11:43.399+0000] {subprocess.py:99} INFO - Output:
[2024-11-22T10:11:43.401+0000] {subprocess.py:106} INFO - 2024-11-22
[2024-11-22T10:11:43.401+0000] {subprocess.py:106} INFO - 2024-11-29
[2024-11-22T10:11:43.402+0000] {subprocess.py:106} INFO - 2024-11-22
[2024-11-22T10:11:43.403+0000] {subprocess.py:106} INFO - 2024-11-29
[2024-11-22T10:11:43.403+0000] {subprocess.py:106} INFO - 2024-11-22
[2024-11-22T10:11:43.404+0000] {subprocess.py:106} INFO - 2024-11-29
[2024-11-22T10:11:43.404+0000] {subprocess.py:106} INFO - 2024-11-22
[2024-11-22T10:11:43.405+0000] {subprocess.py:106} INFO - 2024-11-29
[2024-11-22T10:11:43.405+0000] {subprocess.py:106} INFO - 2024-11-22
[2024-11-22T10:11:43.406+0000] {subprocess.py:106} INFO - 2024-11-29
[2024-11-22T10:11:43.407+0000] {subprocess.py:110} INFO - Command exited with return code 0
[2024-11-22T10:11:43.447+0000] {taskinstance.py:340} INFO - ::group::Post task execution logs
[2024-11-22T10:11:43.448+0000] {taskinstance.py:352} INFO - Marking task as SUCCESS. dag_id=tutorial, task_id=templated, run_id=manual__2024-11-22T10:11:35.019290+00:00, execution_date=20241122T101135, start_date=20241122T101142, end_date=20241122T101143
[2024-11-22T10:11:43.496+0000] {logging_mixin.py:190} INFO - Task instance in success state
[2024-11-22T10:11:43.497+0000] {logging_mixin.py:190} INFO -  Previous state of the Task instance: running
[2024-11-22T10:11:43.497+0000] {logging_mixin.py:190} INFO - Dag name:tutorial queued_at:2024-11-22 10:11:35.043264+00:00
[2024-11-22T10:11:43.498+0000] {logging_mixin.py:190} INFO - Task hostname:7505af158529 operator:BashOperator
[2024-11-22T10:11:43.525+0000] {local_task_job_runner.py:266} INFO - Task exited with return code 0
[2024-11-22T10:11:43.559+0000] {taskinstance.py:3895} INFO - 0 downstream tasks scheduled from follow-on schedule check
[2024-11-22T10:11:43.561+0000] {local_task_job_runner.py:245} INFO - ::endgroup::
