[2024-11-22T16:14:52.047+0000] {local_task_job_runner.py:123} INFO - ::group::Pre task execution logs
[2024-11-22T16:14:52.060+0000] {taskinstance.py:2613} INFO - Dependencies all met for dep_context=non-requeueable deps ti=<TaskInstance: 0-hello_to_world_dag.HelloTask scheduled__2024-11-21T00:00:00+00:00 [queued]>
[2024-11-22T16:14:52.065+0000] {taskinstance.py:2613} INFO - Dependencies all met for dep_context=requeueable deps ti=<TaskInstance: 0-hello_to_world_dag.HelloTask scheduled__2024-11-21T00:00:00+00:00 [queued]>
[2024-11-22T16:14:52.066+0000] {taskinstance.py:2866} INFO - Starting attempt 1 of 2
[2024-11-22T16:14:52.077+0000] {taskinstance.py:2889} INFO - Executing <Task(PythonOperator): HelloTask> on 2024-11-21 00:00:00+00:00
[2024-11-22T16:14:52.083+0000] {warnings.py:112} WARNING - /home/***/.local/lib/python3.12/site-packages/***/task/task_runner/standard_task_runner.py:70: DeprecationWarning: This process (pid=71) is multi-threaded, use of fork() may lead to deadlocks in the child.
  pid = os.fork()

[2024-11-22T16:14:52.085+0000] {standard_task_runner.py:72} INFO - Started process 75 to run task
[2024-11-22T16:14:52.085+0000] {standard_task_runner.py:104} INFO - Running: ['***', 'tasks', 'run', '0-hello_to_world_dag', 'HelloTask', 'scheduled__2024-11-21T00:00:00+00:00', '--job-id', '34', '--raw', '--subdir', 'DAGS_FOLDER/Hello-World-Dag.py', '--cfg-path', '/tmp/tmpw5xjl2i4']
[2024-11-22T16:14:52.087+0000] {standard_task_runner.py:105} INFO - Job 34: Subtask HelloTask
[2024-11-22T16:14:52.128+0000] {task_command.py:467} INFO - Running <TaskInstance: 0-hello_to_world_dag.HelloTask scheduled__2024-11-21T00:00:00+00:00 [running]> on host 73c1dd0dda0f
[2024-11-22T16:14:52.200+0000] {taskinstance.py:3132} INFO - Exporting env vars: AIRFLOW_CTX_DAG_OWNER='YusufCaymaz' AIRFLOW_CTX_DAG_ID='0-hello_to_world_dag' AIRFLOW_CTX_TASK_ID='HelloTask' AIRFLOW_CTX_EXECUTION_DATE='2024-11-21T00:00:00+00:00' AIRFLOW_CTX_TRY_NUMBER='1' AIRFLOW_CTX_DAG_RUN_ID='scheduled__2024-11-21T00:00:00+00:00'
[2024-11-22T16:14:52.202+0000] {logging_mixin.py:190} INFO - Task instance is in running state
[2024-11-22T16:14:52.202+0000] {logging_mixin.py:190} INFO -  Previous state of the Task instance: queued
[2024-11-22T16:14:52.203+0000] {logging_mixin.py:190} INFO - Current task name:HelloTask state:running start_date:2024-11-22 16:14:52.060604+00:00
[2024-11-22T16:14:52.203+0000] {logging_mixin.py:190} INFO - Dag name:0-hello_to_world_dag and current dag run status:running
[2024-11-22T16:14:52.204+0000] {taskinstance.py:731} INFO - ::endgroup::
[2024-11-22T16:14:52.205+0000] {python.py:240} INFO - Done. Returned value was: Hello
[2024-11-22T16:14:52.223+0000] {taskinstance.py:340} INFO - ::group::Post task execution logs
[2024-11-22T16:14:52.224+0000] {taskinstance.py:352} INFO - Marking task as SUCCESS. dag_id=0-hello_to_world_dag, task_id=HelloTask, run_id=scheduled__2024-11-21T00:00:00+00:00, execution_date=20241121T000000, start_date=20241122T161452, end_date=20241122T161452
[2024-11-22T16:14:52.235+0000] {logging_mixin.py:190} INFO - Task instance in success state
[2024-11-22T16:14:52.235+0000] {logging_mixin.py:190} INFO -  Previous state of the Task instance: running
[2024-11-22T16:14:52.236+0000] {logging_mixin.py:190} INFO - Dag name:0-hello_to_world_dag queued_at:2024-11-22 16:14:48.957520+00:00
[2024-11-22T16:14:52.236+0000] {logging_mixin.py:190} INFO - Task hostname:73c1dd0dda0f operator:PythonOperator
[2024-11-22T16:14:52.260+0000] {local_task_job_runner.py:266} INFO - Task exited with return code 0
[2024-11-22T16:14:52.277+0000] {taskinstance.py:3895} INFO - 1 downstream tasks scheduled from follow-on schedule check
[2024-11-22T16:14:52.279+0000] {local_task_job_runner.py:245} INFO - ::endgroup::
