[2024-11-22T16:14:54.418+0000] {local_task_job_runner.py:123} INFO - ::group::Pre task execution logs
[2024-11-22T16:14:54.439+0000] {taskinstance.py:2613} INFO - Dependencies all met for dep_context=non-requeueable deps ti=<TaskInstance: 0-hello_to_world_dag.WorldTask scheduled__2024-11-21T00:00:00+00:00 [queued]>
[2024-11-22T16:14:54.448+0000] {taskinstance.py:2613} INFO - Dependencies all met for dep_context=requeueable deps ti=<TaskInstance: 0-hello_to_world_dag.WorldTask scheduled__2024-11-21T00:00:00+00:00 [queued]>
[2024-11-22T16:14:54.449+0000] {taskinstance.py:2866} INFO - Starting attempt 1 of 2
[2024-11-22T16:14:54.465+0000] {taskinstance.py:2889} INFO - Executing <Task(PythonOperator): WorldTask> on 2024-11-21 00:00:00+00:00
[2024-11-22T16:14:54.474+0000] {warnings.py:112} WARNING - /home/***/.local/lib/python3.12/site-packages/***/task/task_runner/standard_task_runner.py:70: DeprecationWarning: This process (pid=79) is multi-threaded, use of fork() may lead to deadlocks in the child.
  pid = os.fork()

[2024-11-22T16:14:54.477+0000] {standard_task_runner.py:72} INFO - Started process 84 to run task
[2024-11-22T16:14:54.477+0000] {standard_task_runner.py:104} INFO - Running: ['***', 'tasks', 'run', '0-hello_to_world_dag', 'WorldTask', 'scheduled__2024-11-21T00:00:00+00:00', '--job-id', '36', '--raw', '--subdir', 'DAGS_FOLDER/Hello-World-Dag.py', '--cfg-path', '/tmp/tmpirl246bc']
[2024-11-22T16:14:54.479+0000] {standard_task_runner.py:105} INFO - Job 36: Subtask WorldTask
[2024-11-22T16:14:54.531+0000] {task_command.py:467} INFO - Running <TaskInstance: 0-hello_to_world_dag.WorldTask scheduled__2024-11-21T00:00:00+00:00 [running]> on host 73c1dd0dda0f
[2024-11-22T16:14:54.605+0000] {taskinstance.py:3132} INFO - Exporting env vars: AIRFLOW_CTX_DAG_OWNER='YusufCaymaz' AIRFLOW_CTX_DAG_ID='0-hello_to_world_dag' AIRFLOW_CTX_TASK_ID='WorldTask' AIRFLOW_CTX_EXECUTION_DATE='2024-11-21T00:00:00+00:00' AIRFLOW_CTX_TRY_NUMBER='1' AIRFLOW_CTX_DAG_RUN_ID='scheduled__2024-11-21T00:00:00+00:00'
[2024-11-22T16:14:54.607+0000] {logging_mixin.py:190} INFO - Task instance is in running state
[2024-11-22T16:14:54.607+0000] {logging_mixin.py:190} INFO -  Previous state of the Task instance: queued
[2024-11-22T16:14:54.608+0000] {logging_mixin.py:190} INFO - Current task name:WorldTask state:running start_date:2024-11-22 16:14:54.439793+00:00
[2024-11-22T16:14:54.608+0000] {logging_mixin.py:190} INFO - Dag name:0-hello_to_world_dag and current dag run status:running
[2024-11-22T16:14:54.609+0000] {taskinstance.py:731} INFO - ::endgroup::
[2024-11-22T16:14:54.610+0000] {python.py:240} INFO - Done. Returned value was: World
[2024-11-22T16:14:54.629+0000] {taskinstance.py:340} INFO - ::group::Post task execution logs
[2024-11-22T16:14:54.630+0000] {taskinstance.py:352} INFO - Marking task as SUCCESS. dag_id=0-hello_to_world_dag, task_id=WorldTask, run_id=scheduled__2024-11-21T00:00:00+00:00, execution_date=20241121T000000, start_date=20241122T161454, end_date=20241122T161454
[2024-11-22T16:14:54.639+0000] {logging_mixin.py:190} INFO - Task instance in success state
[2024-11-22T16:14:54.640+0000] {logging_mixin.py:190} INFO -  Previous state of the Task instance: running
[2024-11-22T16:14:54.640+0000] {logging_mixin.py:190} INFO - Dag name:0-hello_to_world_dag queued_at:2024-11-22 16:14:48.957520+00:00
[2024-11-22T16:14:54.641+0000] {logging_mixin.py:190} INFO - Task hostname:73c1dd0dda0f operator:PythonOperator
[2024-11-22T16:14:54.653+0000] {local_task_job_runner.py:266} INFO - Task exited with return code 0
[2024-11-22T16:14:54.667+0000] {taskinstance.py:3895} INFO - 0 downstream tasks scheduled from follow-on schedule check
[2024-11-22T16:14:54.669+0000] {local_task_job_runner.py:245} INFO - ::endgroup::
