[2024-11-22T10:11:39.971+0000] {local_task_job_runner.py:123} INFO - ::group::Pre task execution logs
[2024-11-22T10:11:39.987+0000] {taskinstance.py:2613} INFO - Dependencies all met for dep_context=non-requeueable deps ti=<TaskInstance: tutorial.print_date scheduled__2024-11-21T00:00:00+00:00 [queued]>
[2024-11-22T10:11:39.994+0000] {taskinstance.py:2613} INFO - Dependencies all met for dep_context=requeueable deps ti=<TaskInstance: tutorial.print_date scheduled__2024-11-21T00:00:00+00:00 [queued]>
[2024-11-22T10:11:39.995+0000] {taskinstance.py:2866} INFO - Starting attempt 1 of 2
[2024-11-22T10:11:40.007+0000] {taskinstance.py:2889} INFO - Executing <Task(BashOperator): print_date> on 2024-11-21 00:00:00+00:00
[2024-11-22T10:11:40.015+0000] {warnings.py:112} WARNING - /home/***/.local/lib/python3.12/site-packages/***/task/task_runner/standard_task_runner.py:70: DeprecationWarning: This process (pid=100) is multi-threaded, use of fork() may lead to deadlocks in the child.
  pid = os.fork()

[2024-11-22T10:11:40.017+0000] {standard_task_runner.py:104} INFO - Running: ['***', 'tasks', 'run', 'tutorial', 'print_date', 'scheduled__2024-11-21T00:00:00+00:00', '--job-id', '15', '--raw', '--subdir', '/home/***/.local/lib/python3.12/site-packages/***/example_dags/tutorial.py', '--cfg-path', '/tmp/tmp5wqi3z8t']
[2024-11-22T10:11:40.017+0000] {standard_task_runner.py:72} INFO - Started process 104 to run task
[2024-11-22T10:11:40.018+0000] {standard_task_runner.py:105} INFO - Job 15: Subtask print_date
[2024-11-22T10:11:40.068+0000] {task_command.py:467} INFO - Running <TaskInstance: tutorial.print_date scheduled__2024-11-21T00:00:00+00:00 [running]> on host 7505af158529
[2024-11-22T10:11:40.142+0000] {taskinstance.py:3132} INFO - Exporting env vars: AIRFLOW_CTX_DAG_EMAIL='***@example.com' AIRFLOW_CTX_DAG_OWNER='***' AIRFLOW_CTX_DAG_ID='tutorial' AIRFLOW_CTX_TASK_ID='print_date' AIRFLOW_CTX_EXECUTION_DATE='2024-11-21T00:00:00+00:00' AIRFLOW_CTX_TRY_NUMBER='1' AIRFLOW_CTX_DAG_RUN_ID='scheduled__2024-11-21T00:00:00+00:00'
[2024-11-22T10:11:40.144+0000] {logging_mixin.py:190} INFO - Task instance is in running state
[2024-11-22T10:11:40.145+0000] {logging_mixin.py:190} INFO -  Previous state of the Task instance: queued
[2024-11-22T10:11:40.145+0000] {logging_mixin.py:190} INFO - Current task name:print_date state:running start_date:2024-11-22 10:11:39.987672+00:00
[2024-11-22T10:11:40.146+0000] {logging_mixin.py:190} INFO - Dag name:tutorial and current dag run status:running
[2024-11-22T10:11:40.146+0000] {taskinstance.py:731} INFO - ::endgroup::
[2024-11-22T10:11:40.147+0000] {subprocess.py:78} INFO - Tmp dir root location: /tmp
[2024-11-22T10:11:40.148+0000] {subprocess.py:88} INFO - Running command: ['/usr/bin/bash', '-c', 'date']
[2024-11-22T10:11:40.157+0000] {subprocess.py:99} INFO - Output:
[2024-11-22T10:11:40.159+0000] {subprocess.py:106} INFO - Fri Nov 22 10:11:40 UTC 2024
[2024-11-22T10:11:40.160+0000] {subprocess.py:110} INFO - Command exited with return code 0
[2024-11-22T10:11:40.184+0000] {taskinstance.py:340} INFO - ::group::Post task execution logs
[2024-11-22T10:11:40.184+0000] {taskinstance.py:352} INFO - Marking task as SUCCESS. dag_id=tutorial, task_id=print_date, run_id=scheduled__2024-11-21T00:00:00+00:00, execution_date=20241121T000000, start_date=20241122T101139, end_date=20241122T101140
[2024-11-22T10:11:40.196+0000] {logging_mixin.py:190} INFO - Task instance in success state
[2024-11-22T10:11:40.197+0000] {logging_mixin.py:190} INFO -  Previous state of the Task instance: running
[2024-11-22T10:11:40.198+0000] {logging_mixin.py:190} INFO - Dag name:tutorial queued_at:2024-11-22 10:11:35.737489+00:00
[2024-11-22T10:11:40.198+0000] {logging_mixin.py:190} INFO - Task hostname:7505af158529 operator:BashOperator
[2024-11-22T10:11:40.233+0000] {local_task_job_runner.py:266} INFO - Task exited with return code 0
[2024-11-22T10:11:40.254+0000] {taskinstance.py:3895} INFO - 2 downstream tasks scheduled from follow-on schedule check
[2024-11-22T10:11:40.256+0000] {local_task_job_runner.py:245} INFO - ::endgroup::
