[2024-11-22T10:11:43.055+0000] {local_task_job_runner.py:123} INFO - ::group::Pre task execution logs
[2024-11-22T10:11:43.098+0000] {taskinstance.py:2613} INFO - Dependencies all met for dep_context=non-requeueable deps ti=<TaskInstance: tutorial.sleep manual__2024-11-22T10:11:35.019290+00:00 [queued]>
[2024-11-22T10:11:43.114+0000] {taskinstance.py:2613} INFO - Dependencies all met for dep_context=requeueable deps ti=<TaskInstance: tutorial.sleep manual__2024-11-22T10:11:35.019290+00:00 [queued]>
[2024-11-22T10:11:43.115+0000] {taskinstance.py:2866} INFO - Starting attempt 1 of 4
[2024-11-22T10:11:43.136+0000] {taskinstance.py:2889} INFO - Executing <Task(BashOperator): sleep> on 2024-11-22 10:11:35.019290+00:00
[2024-11-22T10:11:43.153+0000] {warnings.py:112} WARNING - /home/***/.local/lib/python3.12/site-packages/***/task/task_runner/standard_task_runner.py:70: DeprecationWarning: This process (pid=112) is multi-threaded, use of fork() may lead to deadlocks in the child.
  pid = os.fork()

[2024-11-22T10:11:43.157+0000] {standard_task_runner.py:104} INFO - Running: ['***', 'tasks', 'run', 'tutorial', 'sleep', 'manual__2024-11-22T10:11:35.019290+00:00', '--job-id', '19', '--raw', '--subdir', '/home/***/.local/lib/python3.12/site-packages/***/example_dags/tutorial.py', '--cfg-path', '/tmp/tmp4u477x4k']
[2024-11-22T10:11:43.158+0000] {standard_task_runner.py:72} INFO - Started process 122 to run task
[2024-11-22T10:11:43.158+0000] {standard_task_runner.py:105} INFO - Job 19: Subtask sleep
[2024-11-22T10:11:43.333+0000] {task_command.py:467} INFO - Running <TaskInstance: tutorial.sleep manual__2024-11-22T10:11:35.019290+00:00 [running]> on host 7505af158529
[2024-11-22T10:11:43.963+0000] {taskinstance.py:3132} INFO - Exporting env vars: AIRFLOW_CTX_DAG_EMAIL='***@example.com' AIRFLOW_CTX_DAG_OWNER='***' AIRFLOW_CTX_DAG_ID='tutorial' AIRFLOW_CTX_TASK_ID='sleep' AIRFLOW_CTX_EXECUTION_DATE='2024-11-22T10:11:35.019290+00:00' AIRFLOW_CTX_TRY_NUMBER='1' AIRFLOW_CTX_DAG_RUN_ID='manual__2024-11-22T10:11:35.019290+00:00'
[2024-11-22T10:11:43.966+0000] {logging_mixin.py:190} INFO - Task instance is in running state
[2024-11-22T10:11:43.967+0000] {logging_mixin.py:190} INFO -  Previous state of the Task instance: queued
[2024-11-22T10:11:43.968+0000] {logging_mixin.py:190} INFO - Current task name:sleep state:running start_date:2024-11-22 10:11:43.099222+00:00
[2024-11-22T10:11:43.968+0000] {logging_mixin.py:190} INFO - Dag name:tutorial and current dag run status:running
[2024-11-22T10:11:43.969+0000] {taskinstance.py:731} INFO - ::endgroup::
[2024-11-22T10:11:43.970+0000] {subprocess.py:78} INFO - Tmp dir root location: /tmp
[2024-11-22T10:11:43.972+0000] {subprocess.py:88} INFO - Running command: ['/usr/bin/bash', '-c', 'sleep 5']
[2024-11-22T10:11:43.989+0000] {subprocess.py:99} INFO - Output:
[2024-11-22T10:11:48.991+0000] {subprocess.py:110} INFO - Command exited with return code 0
[2024-11-22T10:11:49.011+0000] {taskinstance.py:340} INFO - ::group::Post task execution logs
[2024-11-22T10:11:49.012+0000] {taskinstance.py:352} INFO - Marking task as SUCCESS. dag_id=tutorial, task_id=sleep, run_id=manual__2024-11-22T10:11:35.019290+00:00, execution_date=20241122T101135, start_date=20241122T101143, end_date=20241122T101149
[2024-11-22T10:11:49.019+0000] {logging_mixin.py:190} INFO - Task instance in success state
[2024-11-22T10:11:49.020+0000] {logging_mixin.py:190} INFO -  Previous state of the Task instance: running
[2024-11-22T10:11:49.020+0000] {logging_mixin.py:190} INFO - Dag name:tutorial queued_at:2024-11-22 10:11:35.043264+00:00
[2024-11-22T10:11:49.021+0000] {logging_mixin.py:190} INFO - Task hostname:7505af158529 operator:BashOperator
[2024-11-22T10:11:49.034+0000] {local_task_job_runner.py:266} INFO - Task exited with return code 0
[2024-11-22T10:11:49.046+0000] {taskinstance.py:3895} INFO - 0 downstream tasks scheduled from follow-on schedule check
[2024-11-22T10:11:49.047+0000] {local_task_job_runner.py:245} INFO - ::endgroup::
