[2024-11-22T10:22:42.483+0000] {local_task_job_runner.py:123} INFO - ::group::Pre task execution logs
[2024-11-22T10:22:42.499+0000] {taskinstance.py:2613} INFO - Dependencies all met for dep_context=non-requeueable deps ti=<TaskInstance: 0-hello_world_dag.hello_world_task scheduled__2024-11-21T00:00:00+00:00 [queued]>
[2024-11-22T10:22:42.506+0000] {taskinstance.py:2613} INFO - Dependencies all met for dep_context=requeueable deps ti=<TaskInstance: 0-hello_world_dag.hello_world_task scheduled__2024-11-21T00:00:00+00:00 [queued]>
[2024-11-22T10:22:42.507+0000] {taskinstance.py:2866} INFO - Starting attempt 1 of 2
[2024-11-22T10:22:42.521+0000] {taskinstance.py:2889} INFO - Executing <Task(PythonOperator): hello_world_task> on 2024-11-21 00:00:00+00:00
[2024-11-22T10:22:42.530+0000] {standard_task_runner.py:104} INFO - Running: ['***', 'tasks', 'run', '0-hello_world_dag', 'hello_world_task', 'scheduled__2024-11-21T00:00:00+00:00', '--job-id', '24', '--raw', '--subdir', 'DAGS_FOLDER/HellaDag.py', '--cfg-path', '/tmp/tmpf9ahmpc0']
[2024-11-22T10:22:42.528+0000] {warnings.py:112} WARNING - /home/***/.local/lib/python3.12/site-packages/***/task/task_runner/standard_task_runner.py:70: DeprecationWarning: This process (pid=85) is multi-threaded, use of fork() may lead to deadlocks in the child.
  pid = os.fork()

[2024-11-22T10:22:42.532+0000] {standard_task_runner.py:105} INFO - Job 24: Subtask hello_world_task
[2024-11-22T10:22:42.532+0000] {standard_task_runner.py:72} INFO - Started process 90 to run task
[2024-11-22T10:22:42.581+0000] {task_command.py:467} INFO - Running <TaskInstance: 0-hello_world_dag.hello_world_task scheduled__2024-11-21T00:00:00+00:00 [running]> on host 630b8fec3f67
[2024-11-22T10:22:42.657+0000] {taskinstance.py:3132} INFO - Exporting env vars: AIRFLOW_CTX_DAG_OWNER='YusufCaymaz' AIRFLOW_CTX_DAG_ID='0-hello_world_dag' AIRFLOW_CTX_TASK_ID='hello_world_task' AIRFLOW_CTX_EXECUTION_DATE='2024-11-21T00:00:00+00:00' AIRFLOW_CTX_TRY_NUMBER='1' AIRFLOW_CTX_DAG_RUN_ID='scheduled__2024-11-21T00:00:00+00:00'
[2024-11-22T10:22:42.659+0000] {logging_mixin.py:190} INFO - Task instance is in running state
[2024-11-22T10:22:42.660+0000] {logging_mixin.py:190} INFO -  Previous state of the Task instance: queued
[2024-11-22T10:22:42.660+0000] {logging_mixin.py:190} INFO - Current task name:hello_world_task state:running start_date:2024-11-22 10:22:42.500322+00:00
[2024-11-22T10:22:42.661+0000] {logging_mixin.py:190} INFO - Dag name:0-hello_world_dag and current dag run status:running
[2024-11-22T10:22:42.662+0000] {taskinstance.py:731} INFO - ::endgroup::
[2024-11-22T10:22:42.663+0000] {logging_mixin.py:190} INFO - Hello World
[2024-11-22T10:22:42.663+0000] {python.py:240} INFO - Done. Returned value was: None
[2024-11-22T10:22:42.672+0000] {taskinstance.py:340} INFO - ::group::Post task execution logs
[2024-11-22T10:22:42.673+0000] {taskinstance.py:352} INFO - Marking task as SUCCESS. dag_id=0-hello_world_dag, task_id=hello_world_task, run_id=scheduled__2024-11-21T00:00:00+00:00, execution_date=20241121T000000, start_date=20241122T102242, end_date=20241122T102242
[2024-11-22T10:22:42.681+0000] {logging_mixin.py:190} INFO - Task instance in success state
[2024-11-22T10:22:42.682+0000] {logging_mixin.py:190} INFO -  Previous state of the Task instance: running
[2024-11-22T10:22:42.683+0000] {logging_mixin.py:190} INFO - Dag name:0-hello_world_dag queued_at:2024-11-22 10:22:38.318116+00:00
[2024-11-22T10:22:42.684+0000] {logging_mixin.py:190} INFO - Task hostname:630b8fec3f67 operator:PythonOperator
[2024-11-22T10:22:42.707+0000] {local_task_job_runner.py:266} INFO - Task exited with return code 0
[2024-11-22T10:22:42.721+0000] {taskinstance.py:3895} INFO - 0 downstream tasks scheduled from follow-on schedule check
[2024-11-22T10:22:42.723+0000] {local_task_job_runner.py:245} INFO - ::endgroup::
